# --------------------------------------------------- // System Utilities
downgrade
trash-cli-git
amdgpu_top
archlinux-xdg-menu
yad
localsend
haruna
loupe
mission-center
yazi
boxbuddy
python-pywal
stow


# --------------------------------------------------- // Gaming Stack
steam
gamemode
mangohud
gamescope
gpu-screen-recorder
gpu-screen-recorder-ui
gpu-screen-recorder-gtk
gpu-screen-recorder-notification
protontricks
winetricks

# --------------------------------------------------- // Development Tools
neovim
vim
lua51
luarocks
shellcheck

# --------------------------------------------------- // Audio and Bluetooth (Pipewire Stack)
pipewire
pipewire-alsa
pipewire-audio
pipewire-jack
pipewire-pulse
gst-plugin-pipewire
wireplumber
pavucontrol
pamixer
bluez
bluez-utils
blueman
udiskie

# --------------------------------------------------- // Network Management
networkmanager
network-manager-applet

# --------------------------------------------------- // Display Manager (Lightweight TTY Login)
ly
# (Optional: enable ly service with systemctl enable ly.service)

# --------------------------------------------------- // Hyprland and Wayland Utilities
hyprland
dunst
rofi-wayland
waybar
swww
hyprlock
wlogout
grimblast-git
hyprpicker
slurp
swappy
cliphist
hypridle
hyprshot

# --------------------------------------------------- // Authentication and Desktop Portals
polkit-gnome
xdg-desktop-portal-hyprland
pacman-contrib
python-pyamdgpuinfo
parallel
jq
imagemagick
libnotify

# --------------------------------------------------- // Theming and Qt Configuration
nwg-look
qt5ct
qt6ct
kvantum
kvantum-qt5
qt5-wayland
qt6-wayland

# --------------------------------------------------- // Shell and CLI Utilities
eza
fastfetch
bat
fd
ripgrep
dua-cli
duf
ttf-font-awesome

# --------------------------------------------------- // Fonts - Nerd Fonts Hack, JetBrains Mono, FiraCode
adobe-source-han-sans-cn-fonts
adobe-source-han-sans-jp-fonts
adobe-source-han-sans-kr-fonts
adwaita-fonts
awesome-terminal-fonts
cantarell-fonts
fontconfig
gnu-free-fonts
lib32-fontconfig
libfontenc
libxfont2
noto-color-emoji-fontconfig
noto-fonts
noto-fonts-cjk
noto-fonts-emoji
opendesktop-fonts
powerline-fonts
python-fonttools
ttf-font-awesome
ttf-nerd-fonts-symbols
ttf-nerd-fonts-symbols-common
xorg-fonts-encodings
ttf-hack
ttf-hack-nerd
ttf-fantasque-nerd
ttf-firacode-nerd
ttf-hack-nerd
ttf-jetbrains-mono-nerd
ttf-meslo-nerd
ttf-nerd-fonts-symbols
ttf-nerd-fonts-symbols-common

# --------------------------------------------------- // File Manager
nautilus
