N|Y|${HOME}/.config|dunst|dunst
N|Y|${HOME}/.config/hyde|wallbash|hyprland
N|Y|${HOME}/.config/hypr|animations.conf hyprland.conf windowrules.conf themes|hyprland
N|Y|${HOME}/.config/hypr|keybindings.conf monitors.conf userprefs.conf|hyprland
N|Y|${HOME}/.config/hypr|nvidia.conf|hyprland nvidia-utils
N|Y|${HOME}/.config|kitty|kitty
N|Y|${HOME}/.config|Kvantum|kvantum
N|Y|${HOME}/.config|lsd|lsd
N|Y|${HOME}/.config|MangoHud|mangohud
N|Y|${HOME}/.config|fastfetch|fastfetch
N|Y|${HOME}/.config|qt5ct|qt5ct
N|Y|${HOME}/.config|qt6ct|qt6ct
N|Y|${HOME}/.config|rofi|rofi
N|Y|${HOME}/.config|swaylock|swaylock-effects
N|Y|${HOME}/.config/waybar|modules config.jsonc style.css theme.css|waybar
N|Y|${HOME}/.config/waybar|config.ctl|waybar
N|Y|${HOME}/.config|wlogout|wlogout
N|Y|${HOME}/.config|xsettingsd nwg-look gtk-3.0|nwg-look
N|Y|${HOME}/.icons|default|nwg-look
N|Y|${HOME}|.gtkrc-2.0|nwg-look
N|Y|${HOME}/.config|dolphinrc kdeglobals|dolphin
N|Y|${HOME}/.config/menus|applications.menu|dolphin
N|Y|${HOME}/.local/share|dolphin|dolphin
N|Y|${HOME}/.local/share/kxmlgui5|dolphin|dolphin
N|Y|${HOME}/.local/share/kio/servicemenus|hydewallpaper.desktop|dolphin
N|Y|${HOME}/.config|libinput-gestures.conf|libinput-gestures
